# JRE version: OpenJDK Runtime Environment Zulu13.52+15-CA (13.0.13+5) (build 13.0.13+5-MTS)
# Java VM: OpenJDK 64-Bit Server VM Zulu13.52+15-CA (13.0.13+5-MTS, mixed mode, tiered, compressed oops, g1 gc, bsd-aarch64)
Heap:
 garbage-first heap   total 55296K, used 27453K [0x00000005c0000000, 0x00000007c0000000)
  region size 2048K, 2 young (4096K), 1 survivors (2048K)
 Metaspace       used 31020K, capacity 31785K, committed 32000K, reserved 1077248K
  class space    used 3442K, capacity 3733K, committed 3840K, reserved 1048576K
GC Heap History (16 events):
Event: 0.279 GC heap before
{Heap before GC invocations=0 (full 0):
 garbage-first heap   total 524288K, used 22528K [0x00000005c0000000, 0x00000007c0000000)
  region size 2048K, 12 young (24576K), 0 survivors (0K)
 Metaspace       used 11817K, capacity 12096K, committed 12288K, reserved 1060864K
  class space    used 1105K, capacity 1219K, committed 1280K, reserved 1048576K
}
Event: 0.283 GC heap after
{Heap after GC invocations=1 (full 0):
 garbage-first heap   total 524288K, used 6264K [0x00000005c0000000, 0x00000007c0000000)
  region size 2048K, 2 young (4096K), 2 survivors (4096K)
 Metaspace       used 11817K, capacity 12096K, committed 12288K, reserved 1060864K
  class space    used 1105K, capacity 1219K, committed 1280K, reserved 1048576K
}
Event: 0.588 GC heap before
{Heap before GC invocations=1 (full 0):
 garbage-first heap   total 524288K, used 59512K [0x00000005c0000000, 0x00000007c0000000)
  region size 2048K, 29 young (59392K), 2 survivors (4096K)
 Metaspace       used 20577K, capacity 20969K, committed 21248K, reserved 1069056K
  class space    used 2159K, capacity 2300K, committed 2304K, reserved 1048576K
}
Event: 0.593 GC heap after
{Heap after GC invocations=2 (full 0):
 garbage-first heap   total 524288K, used 10982K [0x00000005c0000000, 0x00000007c0000000)
  region size 2048K, 5 young (10240K), 5 survivors (10240K)
 Metaspace       used 20577K, capacity 20969K, committed 21248K, reserved 1069056K
  class space    used 2159K, capacity 2300K, committed 2304K, reserved 1048576K
}
Event: 0.756 GC heap before
{Heap before GC invocations=3 (full 0):
 garbage-first heap   total 55296K, used 33510K [0x00000005c0000000, 0x00000007c0000000)
  region size 2048K, 16 young (32768K), 5 survivors (10240K)
 Metaspace       used 23557K, capacity 24155K, committed 24320K, reserved 1071104K
  class space    used 2580K, capacity 2812K, committed 2816K, reserved 1048576K
}
Event: 0.759 GC heap after
{Heap after GC invocations=4 (full 0):
 garbage-first heap   total 55296K, used 12235K [0x00000005c0000000, 0x00000007c0000000)
  region size 2048K, 1 young (2048K), 1 survivors (2048K)
 Metaspace       used 23557K, capacity 24155K, committed 24320K, reserved 1071104K
  class space    used 2580K, capacity 2812K, committed 2816K, reserved 1048576K
}
Event: 0.841 GC heap before
{Heap before GC invocations=4 (full 0):
 garbage-first heap   total 55296K, used 32715K [0x00000005c0000000, 0x00000007c0000000)
  region size 2048K, 11 young (22528K), 1 survivors (2048K)
 Metaspace       used 25975K, capacity 26580K, committed 27008K, reserved 1073152K
  class space    used 2900K, capacity 3113K, committed 3200K, reserved 1048576K
}
Event: 0.842 GC heap after
{Heap after GC invocations=5 (full 0):
 garbage-first heap   total 55296K, used 12521K [0x00000005c0000000, 0x00000007c0000000)
  region size 2048K, 1 young (2048K), 1 survivors (2048K)
 Metaspace       used 25975K, capacity 26580K, committed 27008K, reserved 1073152K
  class space    used 2900K, capacity 3113K, committed 3200K, reserved 1048576K
}
Event: 29.115 GC heap before
{Heap before GC invocations=5 (full 0):
 garbage-first heap   total 55296K, used 41193K [0x00000005c0000000, 0x00000007c0000000)
  region size 2048K, 12 young (24576K), 1 survivors (2048K)
 Metaspace       used 28734K, capacity 29424K, committed 29696K, reserved 1075200K
  class space    used 3255K, capacity 3508K, committed 3584K, reserved 1048576K
}
Event: 29.117 GC heap after
{Heap after GC invocations=6 (full 0):
 garbage-first heap   total 55296K, used 19836K [0x00000005c0000000, 0x00000007c0000000)
  region size 2048K, 2 young (4096K), 2 survivors (4096K)
 Metaspace       used 28734K, capacity 29424K, committed 29696K, reserved 1075200K
  class space    used 3255K, capacity 3508K, committed 3584K, reserved 1048576K
}
Event: 64.813 GC heap before
{Heap before GC invocations=6 (full 0):
 garbage-first heap   total 55296K, used 38268K [0x00000005c0000000, 0x00000007c0000000)
  region size 2048K, 11 young (22528K), 2 survivors (4096K)
 Metaspace       used 30216K, capacity 30951K, committed 31104K, reserved 1077248K
  class space    used 3405K, capacity 3695K, committed 3712K, reserved 1048576K
}
Event: 64.816 GC heap after
{Heap after GC invocations=7 (full 0):
 garbage-first heap   total 55296K, used 20156K [0x00000005c0000000, 0x00000007c0000000)
  region size 2048K, 1 young (2048K), 1 survivors (2048K)
 Metaspace       used 30216K, capacity 30951K, committed 31104K, reserved 1077248K
  class space    used 3405K, capacity 3695K, committed 3712K, reserved 1048576K
}
Event: 242.989 GC heap before
{Heap before GC invocations=7 (full 0):
 garbage-first heap   total 55296K, used 38588K [0x00000005c0000000, 0x00000007c0000000)
  region size 2048K, 11 young (22528K), 1 survivors (2048K)
 Metaspace       used 30935K, capacity 31701K, committed 32000K, reserved 1077248K
  class space    used 3430K, capacity 3725K, committed 3840K, reserved 1048576K
}
Event: 242.991 GC heap after
{Heap after GC invocations=8 (full 0):
 garbage-first heap   total 55296K, used 21426K [0x00000005c0000000, 0x00000007c0000000)
  region size 2048K, 2 young (4096K), 2 survivors (4096K)
 Metaspace       used 30935K, capacity 31701K, committed 32000K, reserved 1077248K
  class space    used 3430K, capacity 3725K, committed 3840K, reserved 1048576K
}
Event: 892.106 GC heap before
{Heap before GC invocations=8 (full 0):
 garbage-first heap   total 55296K, used 39858K [0x00000005c0000000, 0x00000007c0000000)
  region size 2048K, 11 young (22528K), 2 survivors (4096K)
 Metaspace       used 30968K, capacity 31703K, committed 32000K, reserved 1077248K
  class space    used 3431K, capacity 3726K, committed 3840K, reserved 1048576K
}
Event: 892.109 GC heap after
{Heap after GC invocations=9 (full 0):
 garbage-first heap   total 55296K, used 21309K [0x00000005c0000000, 0x00000007c0000000)
  region size 2048K, 1 young (2048K), 1 survivors (2048K)
 Metaspace       used 30968K, capacity 31703K, committed 32000K, reserved 1077248K
  class space    used 3431K, capacity 3726K, committed 3840K, reserved 1048576K
}

